<?xml version="1.0" encoding="UTF-8" standalone="yes"?>
<testsuites time="0.174" tests="3" failures="0" errors="0">
    <testsuite name="GraphWalker" tests="3" failures="0" errors="0" time="0.174" timestamp="2020-11-01T18:46:08">
        <properties>
[...]
</properties>
        <testcase name="firstSimple" time="0.058" classname="com.it.firstSimple"/>
        <testcase name="hpButtonsTest" time="0.058" classname="com.it.hpButtonsTest"/>
        <testcase name="socialMediaTest" time="0.058" classname="com.it.socialMediaTest"/>
    </testsuite>
</testsuites>
